# JRE version: Java(TM) SE Runtime Environment (8.0_92-b14) (build 1.8.0_92-b14)
# Java VM: Java HotSpot(TM) Client VM (25.92-b14 mixed mode windows-x86 )
Heap:
 def new generation   total 39424K, used 5641K [0x04c00000, 0x076c0000, 0x0f6a0000)
  eden space 35072K,  16% used [0x04c00000, 0x05182200, 0x06e40000)
  from space 4352K,   0% used [0x06e40000, 0x06e40388, 0x07280000)
  to   space 4352K,   0% used [0x07280000, 0x07280000, 0x076c0000)
 tenured generation   total 87424K, used 37293K [0x0f6a0000, 0x14c00000, 0x24c00000)
   the space 87424K,  42% used [0x0f6a0000, 0x11b0b570, 0x11b0b600, 0x14c00000)
 Metaspace       used 18388K, capacity 18856K, committed 18944K, reserved 19840K
GC Heap History (10 events):
Event: 2709.808 GC heap before
{Heap before GC invocations=256 (full 1):
 def new generation   total 39424K, used 35073K [0x04c00000, 0x076c0000, 0x0f6a0000)
  eden space 35072K, 100% used [0x04c00000, 0x06e40000, 0x06e40000)
  from space 4352K,   0% used [0x07280000, 0x07280498, 0x076c0000)
  to   space 4352K,   0% used [0x06e40000, 0x06e40000, 0x07280000)
 tenured generation   total 87424K, used 37293K [0x0f6a0000, 0x14c00000, 0x24c00000)
   the space 87424K,  42% used [0x0f6a0000, 0x11b0b570, 0x11b0b600, 0x14c00000)
 Metaspace       used 18388K, capacity 18856K, committed 18944K, reserved 19840K
Event: 2709.810 GC heap after
Heap after GC invocations=257 (full 1):
 def new generation   total 39424K, used 0K [0x04c00000, 0x076c0000, 0x0f6a0000)
  eden space 35072K,   0% used [0x04c00000, 0x04c00000, 0x06e40000)
  from space 4352K,   0% used [0x06e40000, 0x06e40380, 0x07280000)
  to   space 4352K,   0% used [0x07280000, 0x07280000, 0x076c0000)
 tenured generation   total 87424K, used 37293K [0x0f6a0000, 0x14c00000, 0x24c00000)
   the space 87424K,  42% used [0x0f6a0000, 0x11b0b570, 0x11b0b600, 0x14c00000)
 Metaspace       used 18388K, capacity 18856K, committed 18944K, reserved 19840K
}
Event: 2714.139 GC heap before
{Heap before GC invocations=257 (full 1):
 def new generation   total 39424K, used 35072K [0x04c00000, 0x076c0000, 0x0f6a0000)
  eden space 35072K, 100% used [0x04c00000, 0x06e40000, 0x06e40000)
  from space 4352K,   0% used [0x06e40000, 0x06e40380, 0x07280000)
  to   space 4352K,   0% used [0x07280000, 0x07280000, 0x076c0000)
 tenured generation   total 87424K, used 37293K [0x0f6a0000, 0x14c00000, 0x24c00000)
   the space 87424K,  42% used [0x0f6a0000, 0x11b0b570, 0x11b0b600, 0x14c00000)
 Metaspace       used 18388K, capacity 18856K, committed 18944K, reserved 19840K
Event: 2714.140 GC heap after
Heap after GC invocations=258 (full 1):
 def new generation   total 39424K, used 1K [0x04c00000, 0x076c0000, 0x0f6a0000)
  eden space 35072K,   0% used [0x04c00000, 0x04c00000, 0x06e40000)
  from space 4352K,   0% used [0x07280000, 0x072804d0, 0x076c0000)
  to   space 4352K,   0% used [0x06e40000, 0x06e40000, 0x07280000)
 tenured generation   total 87424K, used 37293K [0x0f6a0000, 0x14c00000, 0x24c00000)
   the space 87424K,  42% used [0x0f6a0000, 0x11b0b570, 0x11b0b600, 0x14c00000)
 Metaspace       used 18388K, capacity 18856K, committed 18944K, reserved 19840K
}
Event: 2717.552 GC heap before
{Heap before GC invocations=258 (full 1):
 def new generation   total 39424K, used 35073K [0x04c00000, 0x076c0000, 0x0f6a0000)
  eden space 35072K, 100% used [0x04c00000, 0x06e40000, 0x06e40000)
  from space 4352K,   0% used [0x07280000, 0x072804d0, 0x076c0000)
  to   space 4352K,   0% used [0x06e40000, 0x06e40000, 0x07280000)
 tenured generation   total 87424K, used 37293K [0x0f6a0000, 0x14c00000, 0x24c00000)
   the space 87424K,  42% used [0x0f6a0000, 0x11b0b570, 0x11b0b600, 0x14c00000)
 Metaspace       used 18388K, capacity 18856K, committed 18944K, reserved 19840K
Event: 2717.553 GC heap after
Heap after GC invocations=259 (full 1):
 def new generation   total 39424K, used 0K [0x04c00000, 0x076c0000, 0x0f6a0000)
  eden space 35072K,   0% used [0x04c00000, 0x04c00000, 0x06e40000)
  from space 4352K,   0% used [0x06e40000, 0x06e40398, 0x07280000)
  to   space 4352K,   0% used [0x07280000, 0x07280000, 0x076c0000)
 tenured generation   total 87424K, used 37293K [0x0f6a0000, 0x14c00000, 0x24c00000)
   the space 87424K,  42% used [0x0f6a0000, 0x11b0b570, 0x11b0b600, 0x14c00000)
 Metaspace       used 18388K, capacity 18856K, committed 18944K, reserved 19840K
}
Event: 2720.957 GC heap before
{Heap before GC invocations=259 (full 1):
 def new generation   total 39424K, used 35072K [0x04c00000, 0x076c0000, 0x0f6a0000)
  eden space 35072K, 100% used [0x04c00000, 0x06e40000, 0x06e40000)
  from space 4352K,   0% used [0x06e40000, 0x06e40398, 0x07280000)
  to   space 4352K,   0% used [0x07280000, 0x07280000, 0x076c0000)
 tenured generation   total 87424K, used 37293K [0x0f6a0000, 0x14c00000, 0x24c00000)
   the space 87424K,  42% used [0x0f6a0000, 0x11b0b570, 0x11b0b600, 0x14c00000)
 Metaspace       used 18388K, capacity 18856K, committed 18944K, reserved 19840K
Event: 2720.958 GC heap after
Heap after GC invocations=260 (full 1):
 def new generation   total 39424K, used 1K [0x04c00000, 0x076c0000, 0x0f6a0000)
  eden space 35072K,   0% used [0x04c00000, 0x04c00000, 0x06e40000)
  from space 4352K,   0% used [0x07280000, 0x07280430, 0x076c0000)
  to   space 4352K,   0% used [0x06e40000, 0x06e40000, 0x07280000)
 tenured generation   total 87424K, used 37293K [0x0f6a0000, 0x14c00000, 0x24c00000)
   the space 87424K,  42% used [0x0f6a0000, 0x11b0b570, 0x11b0b600, 0x14c00000)
 Metaspace       used 18388K, capacity 18856K, committed 18944K, reserved 19840K
}
Event: 2724.531 GC heap before
{Heap before GC invocations=260 (full 1):
 def new generation   total 39424K, used 35073K [0x04c00000, 0x076c0000, 0x0f6a0000)
  eden space 35072K, 100% used [0x04c00000, 0x06e40000, 0x06e40000)
  from space 4352K,   0% used [0x07280000, 0x07280430, 0x076c0000)
  to   space 4352K,   0% used [0x06e40000, 0x06e40000, 0x07280000)
 tenured generation   total 87424K, used 37293K [0x0f6a0000, 0x14c00000, 0x24c00000)
   the space 87424K,  42% used [0x0f6a0000, 0x11b0b570, 0x11b0b600, 0x14c00000)
 Metaspace       used 18388K, capacity 18856K, committed 18944K, reserved 19840K
Event: 2724.532 GC heap after
Heap after GC invocations=261 (full 1):
 def new generation   total 39424K, used 0K [0x04c00000, 0x076c0000, 0x0f6a0000)
  eden space 35072K,   0% used [0x04c00000, 0x04c00000, 0x06e40000)
  from space 4352K,   0% used [0x06e40000, 0x06e40388, 0x07280000)
  to   space 4352K,   0% used [0x07280000, 0x07280000, 0x076c0000)
 tenured generation   total 87424K, used 37293K [0x0f6a0000, 0x14c00000, 0x24c00000)
   the space 87424K,  42% used [0x0f6a0000, 0x11b0b570, 0x11b0b600, 0x14c00000)
 Metaspace       used 18388K, capacity 18856K, committed 18944K, reserved 19840K
}

